make all --print-data-base --no-builtin-variables --no-builtin-rules --question
# GNU Make 3.81
# Copyright (C) 2006  Free Software Foundation, Inc.
# This is free software; see the source for copying conditions.
# There is NO warranty; not even for MERCHANTABILITY or FITNESS FOR A
# PARTICULAR PURPOSE.

# This program built for i386-apple-darwin11.3.0

# Make data base, printed on Fri Jul  1 20:44:52 2022

# Variables

# automatic
<D = $(patsubst %/,%,$(dir $<))
# automatic
?F = $(notdir $?)
# environment
VSCODE_LOG_NATIVE = false
# automatic
?D = $(patsubst %/,%,$(dir $?))
# automatic
@D = $(patsubst %/,%,$(dir $@))
# automatic
@F = $(notdir $@)
# makefile
CURDIR := /Users/atarchou/Desktop/tep
# makefile
SHELL = /bin/sh
# environment
VSCODE_NLS_CONFIG = {"locale":"en-us","availableLanguages":{},"_languagePackSupport":true}
# environment
_ = /usr/bin/make
# makefile (from `Makefile', line 1)
MAKEFILE_LIST :=  Makefile
# environment
VSCODE_VERBOSE_LOGGING = true
# environment
VSCODE_IPC_HOOK_EXTHOST = /var/folders/zz/zyxvpxvq6csfxvn_n0000j0h000484/T/vscode-ipc-75ba0ded-913e-4e83-935f-613852ac87b9.sock
# environment
VSCODE_CWD = /
# environment
Apple_PubSub_Socket_Render = /private/tmp/com.apple.launchd.EtqQTgJhXi/Render
# environment
PATH = /usr/local/bin:/usr/bin:/bin:/usr/sbin:/sbin:/usr/local/munki:/Library/Frameworks/Mono.framework/Versions/Current/Commands
# environment
LSCOLORS = Gxfxcxdxbxegedabagacad
# environment
VSCODE_LOG_STACK = false
# environment
ELECTRON_RUN_AS_NODE = 1
# default
.FEATURES := target-specific order-only second-expansion else-if archives jobserver check-symlink
# environment
SSH_AUTH_SOCK = /private/tmp/com.apple.launchd.BLSZqtjic3/Listeners
# automatic
%F = $(notdir $%)
# environment
VSCODE_PIPE_LOGGING = true
# environment
PWD = /Users/atarchou/Desktop/tep
# environment
ORIGINAL_XDG_CURRENT_DESKTOP = undefined
# environment
VSCODE_AMD_ENTRYPOINT = vs/workbench/api/node/extensionHostProcess
# environment
HOME = /Users/atarchou
# default
MAKEFILEPATH := /Applications/Xcode.app/Contents/Developer/Makefiles
# environment
VSCODE_CODE_CACHE_PATH = /Users/atarchou/Library/Application Support/Code/CachedData/4af164ea3a06f701fe3e89a2bcbb421d2026b68f
# environment
LOGNAME = atarchou
# environment
APPLICATION_INSIGHTS_NO_DIAGNOSTIC_CHANNEL = 1
# environment
ZSH = /Users/atarchou/.oh-my-zsh
# environment
VSCODE_HANDLES_UNCAUGHT_ERRORS = true
# automatic
^D = $(patsubst %/,%,$(dir $^))
# environment
XPC_FLAGS = 0x0
# default
MAKE = $(MAKE_COMMAND)
# default
MAKECMDGOALS := all
# makefile (from `Makefile', line 17)
SRCS = Parsing/parse.c Parsing/redir.c Parsing/parse_token.c Parsing/parse_token_2.c Parsing/utils.c Parsing/utils_2.c minishell.c Parsing/utils_3.c Parsing/parse_env.c Parsing/error.c Parsing/error_2.c Parsing/utils_4.c Parsing/free_parse.c Parsing/expand_quotes.c execution/libfunctions/ft_count_tokens.c execution/redirections/ft_heredoc.c execution/redirections/ft_pipe.c execution/redirections/ft_append.c execution/redirections/ft_redirect_input.c execution/redirections/ft_redirect_output.c execution/libfunctions/command_parsing.c execution/libfunctions/ft_get_env.c execution/libfunctions/ft_split.c execution/libfunctions/ft_strjoin.c execution/libfunctions/ft_simple_strjoin.c execution/libfunctions/ft_execute_command.c execution/libfunctions/ft_is_another_flag.c execution/libfunctions/ft_free.c execution/parser/ft_fill_exec.c execution/libfunctions/ft_execute_only_flag.c execution/parser/ft_is_only_flag.c execution/builtins/ft_echo.c execution/redirections/ft_mini_redirect_output.c execution/redirections/ft_middle_redirections.c execution/redirections/ft_dup_and_redirect.c execution/redirections/ft_mini_pipe.c execution/builtins/ft_export.c execution/libfunctions/ft_find_variable_index.c execution/builtins/ft_env.c 
# environment
SHLVL = 1
# makefile (from `Makefile', line 14)
CC = gcc
# default
MAKE_VERSION := 3.81
# environment
USER = atarchou
# makefile
.DEFAULT_GOAL := minishell
# makefile (from `Makefile', line 13)
NAME = minishell
# environment
LESS = -R
# automatic
%D = $(patsubst %/,%,$(dir $%))
# default
MAKE_COMMAND := /Applications/Xcode.app/Contents/Developer/usr/bin/make
# default
.VARIABLES := 
# environment
TMPDIR = /var/folders/zz/zyxvpxvq6csfxvn_n0000j0h000484/T/
# automatic
*F = $(notdir $*)
# environment
VSCODE_IPC_HOOK = /Users/atarchou/Library/Application Support/Code/1.68.0-main.sock
# makefile
MAKEFLAGS = Rrqp
# environment
MFLAGS = -Rrqp
# automatic
*D = $(patsubst %/,%,$(dir $*))
# environment
XPC_SERVICE_NAME = com.microsoft.VSCode.1244
# automatic
+D = $(patsubst %/,%,$(dir $+))
# automatic
+F = $(notdir $+)
# environment
__CF_USER_TEXT_ENCODING = 0x1104:0x0:0x0
# default
MAKEFILES := 
# automatic
<F = $(notdir $<)
# makefile (from `Makefile', line 16)
RL_FLAGS = -L /Users/atarchou/homebrew/opt/readline/lib -I /Users/atarchou/homebrew/opt/readline/include -g
# environment
PAGER = less
# environment
LC_ALL = C
# automatic
^F = $(notdir $^)
# default
SUFFIXES := 
# makefile (from `Makefile', line 15)
FLAGS = -lreadline
# default
.INCLUDE_DIRS = /usr/local/include
# environment
MAKELEVEL := 0
# environment
LANG = C
# environment
VSCODE_PID = 6875
# variable set hash-table stats:
# Load=70/1024=7%, Rehash=0, Collisions=1/104=1%

# Pattern-specific Variable Values

# No pattern-specific variable values.

# Directories

# . (device 16777227, inode 1114185): 14 files, no impossibilities.

# 14 files, no impossibilities in 1 directories.

# Implicit Rules

# No implicit rules.

# Files

# Not a target:
Parsing/utils_3.c:
#  Implicit rule search has been done.
#  Last modified 2022-07-01 20:36:56
#  File has been updated.
#  Successfully updated.
# variable set hash-table stats:
# Load=0/32=0%, Rehash=0, Collisions=0/0=0%

# Not a target:
Parsing/parse_token.c:
#  Implicit rule search has been done.
#  Last modified 2022-07-01 20:36:56
#  File has been updated.
#  Successfully updated.
# variable set hash-table stats:
# Load=0/32=0%, Rehash=0, Collisions=0/0=0%

# Not a target:
Parsing/parse_env.c:
#  Implicit rule search has been done.
#  Last modified 2022-07-01 20:39:55
#  File has been updated.
#  Successfully updated.
# variable set hash-table stats:
# Load=0/32=0%, Rehash=0, Collisions=0/0=0%

all: minishell
#  Phony target (prerequisite of .PHONY).
#  Command-line target.
#  Implicit rule search has not been done.
#  File does not exist.
#  File has been updated.
#  Needs to be updated (-q is set).
# variable set hash-table stats:
# Load=0/32=0%, Rehash=0, Collisions=0/7=0%

.PHONY: all clean fclean re
#  Implicit rule search has not been done.
#  Modification time never checked.
#  File has not been updated.

# Not a target:
execution/libfunctions/ft_strjoin.c:
#  Implicit rule search has been done.
#  Last modified 2022-07-01 20:43:47
#  File has been updated.
#  Successfully updated.
# variable set hash-table stats:
# Load=0/32=0%, Rehash=0, Collisions=0/0=0%

# Not a target:
execution/libfunctions/ft_split.c:
#  Implicit rule search has been done.
#  Last modified 2022-07-01 20:43:47
#  File has been updated.
#  Successfully updated.
# variable set hash-table stats:
# Load=0/32=0%, Rehash=0, Collisions=0/0=0%

# Not a target:
execution/libfunctions/ft_get_env.c:
#  Implicit rule search has been done.
#  Last modified 2022-07-01 20:43:47
#  File has been updated.
#  Successfully updated.
# variable set hash-table stats:
# Load=0/32=0%, Rehash=0, Collisions=0/0=0%

# Not a target:
Parsing/error_2.c:
#  Implicit rule search has been done.
#  Last modified 2022-07-01 20:36:56
#  File has been updated.
#  Successfully updated.
# variable set hash-table stats:
# Load=0/32=0%, Rehash=0, Collisions=0/0=0%

# Not a target:
execution/redirections/ft_mini_redirect_output.c:
#  Implicit rule search has been done.
#  Last modified 2022-07-01 20:43:47
#  File has been updated.
#  Successfully updated.
# variable set hash-table stats:
# Load=0/32=0%, Rehash=0, Collisions=0/0=0%

# Not a target:
Parsing/parse.c:
#  Implicit rule search has been done.
#  Last modified 2022-07-01 20:40:23
#  File has been updated.
#  Successfully updated.
# variable set hash-table stats:
# Load=0/32=0%, Rehash=0, Collisions=0/0=0%

# Not a target:
.SUFFIXES:
 
#  Implicit rule search has not been done.
#  Modification time never checked.
#  File has not been updated.

# Not a target:
execution/libfunctions/ft_execute_only_flag.c:
#  Implicit rule search has been done.
#  Last modified 2022-07-01 20:43:47
#  File has been updated.
#  Successfully updated.
# variable set hash-table stats:
# Load=0/32=0%, Rehash=0, Collisions=0/0=0%

# Not a target:
Parsing/utils.c:
#  Implicit rule search has been done.
#  Last modified 2022-07-01 20:36:56
#  File has been updated.
#  Successfully updated.
# variable set hash-table stats:
# Load=0/32=0%, Rehash=0, Collisions=0/0=0%

# Not a target:
Makefile:
#  Implicit rule search has been done.
#  Last modified 2022-07-01 20:43:47
#  File has been updated.
#  Successfully updated.
# variable set hash-table stats:
# Load=0/32=0%, Rehash=0, Collisions=0/0=0%

# Not a target:
execution/libfunctions/command_parsing.c:
#  Implicit rule search has been done.
#  Last modified 2022-07-01 20:43:47
#  File has been updated.
#  Successfully updated.
# variable set hash-table stats:
# Load=0/32=0%, Rehash=0, Collisions=0/0=0%

# Not a target:
execution/libfunctions/ft_count_tokens.c:
#  Implicit rule search has been done.
#  Last modified 2022-07-01 20:43:47
#  File has been updated.
#  Successfully updated.
# variable set hash-table stats:
# Load=0/32=0%, Rehash=0, Collisions=0/0=0%

# Not a target:
Parsing/free_parse.c:
#  Implicit rule search has been done.
#  Last modified 2022-07-01 20:40:50
#  File has been updated.
#  Successfully updated.
# variable set hash-table stats:
# Load=0/32=0%, Rehash=0, Collisions=0/0=0%

# Not a target:
execution/redirections/ft_mini_pipe.c:
#  Implicit rule search has been done.
#  Last modified 2022-07-01 20:43:47
#  File has been updated.
#  Successfully updated.
# variable set hash-table stats:
# Load=0/32=0%, Rehash=0, Collisions=0/0=0%

minishell: Parsing/parse.c Parsing/redir.c Parsing/parse_token.c Parsing/parse_token_2.c Parsing/utils.c Parsing/utils_2.c minishell.c Parsing/utils_3.c Parsing/parse_env.c Parsing/error.c Parsing/error_2.c Parsing/utils_4.c Parsing/free_parse.c Parsing/expand_quotes.c execution/libfunctions/ft_count_tokens.c execution/redirections/ft_heredoc.c execution/redirections/ft_pipe.c execution/redirections/ft_append.c execution/redirections/ft_redirect_input.c execution/redirections/ft_redirect_output.c execution/libfunctions/command_parsing.c execution/libfunctions/ft_get_env.c execution/libfunctions/ft_split.c execution/libfunctions/ft_strjoin.c execution/libfunctions/ft_simple_strjoin.c execution/libfunctions/ft_execute_command.c execution/libfunctions/ft_is_another_flag.c execution/libfunctions/ft_free.c execution/parser/ft_fill_exec.c execution/libfunctions/ft_execute_only_flag.c execution/parser/ft_is_only_flag.c execution/builtins/ft_echo.c execution/redirections/ft_mini_redirect_output.c execution/redirections/ft_middle_redirections.c execution/redirections/ft_dup_and_redirect.c execution/redirections/ft_mini_pipe.c execution/builtins/ft_export.c execution/libfunctions/ft_find_variable_index.c execution/builtins/ft_env.c
#  Implicit rule search has not been done.
#  Implicit/static pattern stem: `'
#  File does not exist.
#  File has been updated.
#  Needs to be updated (-q is set).
# automatic
# @ := minishell
# automatic
# % := 
# automatic
# * := 
# automatic
# + := Parsing/parse.c Parsing/redir.c Parsing/parse_token.c Parsing/parse_token_2.c Parsing/utils.c Parsing/utils_2.c minishell.c Parsing/utils_3.c Parsing/parse_env.c Parsing/error.c Parsing/error_2.c Parsing/utils_4.c Parsing/free_parse.c Parsing/expand_quotes.c execution/libfunctions/ft_count_tokens.c execution/redirections/ft_heredoc.c execution/redirections/ft_pipe.c execution/redirections/ft_append.c execution/redirections/ft_redirect_input.c execution/redirections/ft_redirect_output.c execution/libfunctions/command_parsing.c execution/libfunctions/ft_get_env.c execution/libfunctions/ft_split.c execution/libfunctions/ft_strjoin.c execution/libfunctions/ft_simple_strjoin.c execution/libfunctions/ft_execute_command.c execution/libfunctions/ft_is_another_flag.c execution/libfunctions/ft_free.c execution/parser/ft_fill_exec.c execution/libfunctions/ft_execute_only_flag.c execution/parser/ft_is_only_flag.c execution/builtins/ft_echo.c execution/redirections/ft_mini_redirect_output.c execution/redirections/ft_middle_redirections.c execution/redirections/ft_dup_and_redirect.c execution/redirections/ft_mini_pipe.c execution/builtins/ft_export.c execution/libfunctions/ft_find_variable_index.c execution/builtins/ft_env.c
# automatic
# | := 
# automatic
# < := Parsing/parse.c
# automatic
# ^ := Parsing/parse.c Parsing/redir.c Parsing/parse_token.c Parsing/parse_token_2.c Parsing/utils.c Parsing/utils_2.c minishell.c Parsing/utils_3.c Parsing/parse_env.c Parsing/error.c Parsing/error_2.c Parsing/utils_4.c Parsing/free_parse.c Parsing/expand_quotes.c execution/libfunctions/ft_count_tokens.c execution/redirections/ft_heredoc.c execution/redirections/ft_pipe.c execution/redirections/ft_append.c execution/redirections/ft_redirect_input.c execution/redirections/ft_redirect_output.c execution/libfunctions/command_parsing.c execution/libfunctions/ft_get_env.c execution/libfunctions/ft_split.c execution/libfunctions/ft_strjoin.c execution/libfunctions/ft_simple_strjoin.c execution/libfunctions/ft_execute_command.c execution/libfunctions/ft_is_another_flag.c execution/libfunctions/ft_free.c execution/parser/ft_fill_exec.c execution/libfunctions/ft_execute_only_flag.c execution/parser/ft_is_only_flag.c execution/builtins/ft_echo.c execution/redirections/ft_mini_redirect_output.c execution/redirections/ft_middle_redirections.c execution/redirections/ft_dup_and_redirect.c execution/redirections/ft_mini_pipe.c execution/builtins/ft_export.c execution/libfunctions/ft_find_variable_index.c execution/builtins/ft_env.c
# automatic
# ? := Parsing/parse.c Parsing/redir.c Parsing/parse_token.c Parsing/parse_token_2.c Parsing/utils.c Parsing/utils_2.c minishell.c Parsing/utils_3.c Parsing/parse_env.c Parsing/error.c Parsing/error_2.c Parsing/utils_4.c Parsing/free_parse.c Parsing/expand_quotes.c execution/libfunctions/ft_count_tokens.c execution/redirections/ft_heredoc.c execution/redirections/ft_pipe.c execution/redirections/ft_append.c execution/redirections/ft_redirect_input.c execution/redirections/ft_redirect_output.c execution/libfunctions/command_parsing.c execution/libfunctions/ft_get_env.c execution/libfunctions/ft_split.c execution/libfunctions/ft_strjoin.c execution/libfunctions/ft_simple_strjoin.c execution/libfunctions/ft_execute_command.c execution/libfunctions/ft_is_another_flag.c execution/libfunctions/ft_free.c execution/parser/ft_fill_exec.c execution/libfunctions/ft_execute_only_flag.c execution/parser/ft_is_only_flag.c execution/builtins/ft_echo.c execution/redirections/ft_mini_redirect_output.c execution/redirections/ft_middle_redirections.c execution/redirections/ft_dup_and_redirect.c execution/redirections/ft_mini_pipe.c execution/builtins/ft_export.c execution/libfunctions/ft_find_variable_index.c execution/builtins/ft_env.c
# variable set hash-table stats:
# Load=8/32=25%, Rehash=0, Collisions=1/15=7%
#  commands to execute (from `Makefile', line 59):
	$(CC) $(SRCS) $(RL_FLAGS) $(FLAGS) -o $(NAME) 
	

# Not a target:
execution/libfunctions/ft_find_variable_index.c:
#  Implicit rule search has been done.
#  Last modified 2022-07-01 20:43:47
#  File has been updated.
#  Successfully updated.
# variable set hash-table stats:
# Load=0/32=0%, Rehash=0, Collisions=0/0=0%

# Not a target:
Parsing/parse_token_2.c:
#  Implicit rule search has been done.
#  Last modified 2022-07-01 20:39:25
#  File has been updated.
#  Successfully updated.
# variable set hash-table stats:
# Load=0/32=0%, Rehash=0, Collisions=0/0=0%

fclean:
#  Phony target (prerequisite of .PHONY).
#  Implicit rule search has not been done.
#  File does not exist.
#  File has not been updated.
#  commands to execute (from `Makefile', line 67):
	rm -rf minishell
	

# Not a target:
execution/builtins/ft_echo.c:
#  Implicit rule search has been done.
 
#  Last modified 2022-07-01 20:43:47
#  File has been updated.
#  Successfully updated.
# variable set hash-table stats:
# Load=0/32=0%, Rehash=0, Collisions=0/0=0%

# Not a target:
execution/builtins/ft_export.c:
#  Implicit rule search has been done.
#  Last modified 2022-07-01 20:43:47
#  File has been updated.
#  Successfully updated.
# variable set hash-table stats:
# Load=0/32=0%, Rehash=0, Collisions=0/0=0%

# Not a target:
execution/redirections/ft_heredoc.c:
#  Implicit rule search has been done.
#  Last modified 2022-07-01 20:43:47
#  File has been updated.
#  Successfully updated.
# variable set hash-table stats:
# Load=0/32=0%, Rehash=0, Collisions=0/0=0%

# Not a target:
.DEFAULT:
#  Implicit rule search has not been done.
#  Modification time never checked.
#  File has not been updated.

# Not a target:
execution/redirections/ft_dup_and_redirect.c:
#  Implicit rule search has been done.
#  Last modified 2022-07-01 20:43:47
#  File has been updated.
#  Successfully updated.
# variable set hash-table stats:
# Load=0/32=0%, Rehash=0, Collisions=0/0=0%

# Not a target:
Parsing/utils_2.c:
#  Implicit rule search has been done.
#  Last modified 2022-07-01 20:36:56
#  File has been updated.
#  Successfully updated.
# variable set hash-table stats:
# Load=0/32=0%, Rehash=0, Collisions=0/0=0%

re: fclean all
#  Phony target (prerequisite of .PHONY).
#  Implicit rule search has not been done.
#  File does not exist.
#  File has not been updated.

# Not a target:
execution/libfunctions/ft_execute_command.c:
#  Implicit rule search has been done.
#  Last modified 2022-07-01 20:43:47
#  File has been updated.
#  Successfully updated.
# variable set hash-table stats:
# Load=0/32=0%, Rehash=0, Collisions=0/0=0%

clean:
#  Phony target (prerequisite of .PHONY).
#  Implicit rule search has not been done.
#  File does not exist.
#  File has not been updated.
#  commands to execute (from `Makefile', line 64):
	rm -rf $(NAME)
	

# Not a target:
execution/libfunctions/ft_free.c:
#  Implicit rule search has been done.
#  Last modified 2022-07-01 20:43:47
#  File has been updated.
#  Successfully updated.
# variable set hash-table stats:
# Load=0/32=0%, Rehash=0, Collisions=0/0=0%

# Not a target:
execution/redirections/ft_redirect_output.c:
#  Implicit rule search has been done.
#  Last modified 2022-07-01 20:43:47
#  File has been updated.
#  Successfully updated.
# variable set hash-table stats:
# Load=0/32=0%, Rehash=0, Collisions=0/0=0%

# Not a target:
Parsing/utils_4.c:
#  Implicit rule search has been done.
#  Last modified 2022-07-01 20:36:56
#  File has been updated.
#  Successfully updated.
# variable set hash-table stats:
# Load=0/32=0%, Rehash=0, Collisions=0/0=0%

# Not a target:
Parsing/expand_quotes.c:
#  Implicit rule search has been done.
#  Last modified 2022-07-01 20:36:56
#  File has been updated.
#  Successfully updated.
# variable set hash-table stats:
# Load=0/32=0%, Rehash=0, Collisions=0/0=0%

# Not a target:
minishell.c:
#  Implicit rule search has been done.
#  Last modified 2022-07-01 20:43:47
#  File has been updated.
#  Successfully updated.
# variable set hash-table stats:
# Load=0/32=0%, Rehash=0, Collisions=0/0=0%

# Not a target:
execution/redirections/ft_append.c:
#  Implicit rule search has been done.
#  Last modified 2022-07-01 20:43:47
#  File has been updated.
#  Successfully updated.
# variable set hash-table stats:
# Load=0/32=0%, Rehash=0, Collisions=0/0=0%

# Not a target:
execution/parser/ft_is_only_flag.c:
#  Implicit rule search has been done.
#  Last modified 2022-07-01 20:43:47
#  File has been updated.
#  Successfully updated.
# variable set hash-table stats:
# Load=0/32=0%, Rehash=0, Collisions=0/0=0%

# Not a target:
execution/builtins/ft_env.c:
#  Implicit rule search has been done.
#  Last modified 2022-07-01 20:43:47
#  File has been updated.
#  Successfully updated.
# variable set hash-table stats:
# Load=0/32=0%, Rehash=0, Collisions=0/0=0%

# Not a target:
execution/libfunctions/ft_is_another_flag.c:
#  Implicit rule search has been done.
#  Last modified 2022-07-01 20:43:47
#  File has been updated.
#  Successfully updated.
# variable set hash-table stats:
# Load=0/32=0%, Rehash=0, Collisions=0/0=0%

# Not a target:
Parsing/redir.c:
#  Implicit rule search has been done.
#  Last modified 2022-07-01 20:36:56
#  File has been updated.
#  Successfully updated.
# variable set hash-table stats:
# Load=0/32=0%, Rehash=0, Collisions=0/0=0%

# Not a target:
Parsing/error.c:
#  Implicit rule search has been done.
#  Last modified 2022-07-01 20:36:56
#  File has been updated.
#  Successfully updated.
# variable set hash-table stats:
# Load=0/32=0%, Rehash=0, Collisions=0/0=0%

# Not a target:
execution/redirections/ft_pipe.c:
#  Implicit rule search has been done.
#  Last modified 2022-07-01 20:43:47
#  File has been updated.
#  Successfully updated.
# variable set hash-table stats:
# Load=0/32=0%, Rehash=0, Collisions=0/0=0%

# Not a target:
execution/libfunctions/ft_simple_strjoin.c:
#  Implicit rule search has been done.
#  Last modified 2022-07-01 20:43:47
#  File has been updated.
#  Successfully updated.
# variable set hash-table stats:
# Load=0/32=0%, Rehash=0, Collisions=0/0=0%

# Not a target:
execution/parser/ft_fill_exec.c:
#  Implicit rule search has been done.
#  Last modified 2022-07-01 20:43:47
#  File has been updated.
#  Successfully updated.
# variable set hash-table stats:
# Load=0/32=0%, Rehash=0, Collisions=0/0=0%

# Not a target:
execution/redirections/ft_redirect_input.c:
#  Implicit rule search has been done.
#  Last modified 2022-07-01 20:43:47
#  File has been updated.
#  Successfully updated.
# variable set hash-table stats:
# Load=0/32=0%, Rehash=0, Collisions=0/0=0%

# Not a target:
execution/redirections/ft_middle_redirections.c:
#  Implicit rule search has been done.
#  Last modified 2022-07-01 20:43:47
#  File has been updated.
#  Successfully updated.
# variable set hash-table stats:
# Load=0/32=0%, Rehash=0, Collisions=0/0=0%

# files hash-table stats:
# Load=48/1024=5%, Rehash=0, Collisions=0/108=0%
# VPATH Search Paths

# No `vpath' search paths.

# No general (`VPATH' variable) search path.

# # of strings in strcache: 1
# # of strcache buffers: 1
# strcache size: total = 4096 / max = 4096 / min = 4096 / avg = 4096
# strcache free: total = 4087 / max = 4087 / min = 4087 / avg = 4087

# Finished Make data base on Fri Jul  1 20:44:52 2022

 
